2023-02-10 16:13:31 INFO  SecurityConfig:36 - Configuration complete
2023-02-10 16:21:06 INFO  SecurityConfig:36 - Configuration complete
2023-02-10 16:22:49 INFO  SecurityConfig:36 - Configuration complete
2023-02-10 16:29:05 INFO  SecurityConfig:36 - Configuration complete
2023-02-10 16:39:51 INFO  SecurityConfig:36 - Configuration complete
2023-02-10 16:51:31 INFO  SecurityConfig:36 - Configuration complete
2023-02-10 17:00:16 INFO  SecurityConfig:36 - Configuration complete
2023-02-10 19:07:58 INFO  SecurityConfig:36 - Configuration complete
2023-02-10 19:08:31 INFO  SecurityConfig:36 - Configuration complete
2023-02-11 04:13:04 INFO  SecurityConfig:36 - Configuration complete
2023-02-11 04:24:24 INFO  SecurityConfig:36 - Configuration complete
2023-02-11 04:26:42 INFO  SecurityConfig:36 - Configuration complete
2023-02-11 04:30:53 INFO  SecurityConfig:36 - Configuration complete
2023-02-11 04:42:36 INFO  SecurityConfig:36 - Configuration complete
2023-02-11 04:45:55 INFO  SecurityConfig:36 - Configuration complete
2023-02-11 05:05:13 INFO  SecurityConfig:36 - Configuration complete
2023-02-11 05:10:22 INFO  SecurityConfig:36 - Configuration complete
2023-02-11 05:13:01 INFO  SecurityConfig:36 - Configuration complete
2023-02-11 05:17:00 INFO  SecurityConfig:36 - Configuration complete
2023-02-11 05:22:23 INFO  SecurityConfig:36 - Configuration complete
2023-02-11 12:55:36 INFO  SecurityConfig:36 - Configuration complete
2023-02-11 13:00:42 INFO  SecurityConfig:36 - Configuration complete
2023-02-11 13:02:31 INFO  SecurityConfig:36 - Configuration complete
2023-02-12 19:47:44 INFO  SecurityConfig:36 - Configuration complete
2023-02-13 12:43:25 INFO  SecurityConfig:36 - Configuration complete
2023-02-13 14:14:45 INFO  SecurityConfig:36 - Configuration complete
2023-02-13 14:25:07 INFO  SecurityConfig:36 - Configuration complete
2023-02-13 14:26:44 INFO  SecurityConfig:36 - Configuration complete
2023-02-13 14:28:53 INFO  SecurityConfig:36 - Configuration complete
2023-02-14 14:04:30 INFO  SecurityConfig:36 - Configuration complete
2023-02-14 14:30:00 INFO  SecurityConfig:36 - Configuration complete
2023-02-14 14:36:00 INFO  SecurityConfig:36 - Configuration complete
2023-02-14 14:37:10 INFO  SecurityConfig:36 - Configuration complete
2023-02-14 14:59:44 WARN  AnnotationConfigWebApplicationContext:550 - Exception encountered during context initialization - cancelling refresh attempt: org.springframework.beans.factory.UnsatisfiedDependencyException: Error creating bean with name 'inventoryApiController': Unsatisfied dependency expressed through field 'dto'; nested exception is org.springframework.beans.factory.BeanCreationException: Error creating bean with name 'inventoryDto' defined in file [D:\Workspace\PointOfSales\pos\target\classes\com\increff\pos\dto\InventoryDto.class]: Post-processing of merged bean definition failed; nested exception is java.lang.IllegalStateException: Failed to introspect bean class [com.increff.pos.dto.InventoryDto] for persistence metadata: could not find class that it depends on
2023-02-14 14:59:44 ERROR DispatcherServlet:502 - Context initialization failed
org.springframework.beans.factory.UnsatisfiedDependencyException: Error creating bean with name 'inventoryApiController': Unsatisfied dependency expressed through field 'dto'; nested exception is org.springframework.beans.factory.BeanCreationException: Error creating bean with name 'inventoryDto' defined in file [D:\Workspace\PointOfSales\pos\target\classes\com\increff\pos\dto\InventoryDto.class]: Post-processing of merged bean definition failed; nested exception is java.lang.IllegalStateException: Failed to introspect bean class [com.increff.pos.dto.InventoryDto] for persistence metadata: could not find class that it depends on
	at org.springframework.beans.factory.annotation.AutowiredAnnotationBeanPostProcessor$AutowiredFieldElement.inject(AutowiredAnnotationBeanPostProcessor.java:588)
	at org.springframework.beans.factory.annotation.InjectionMetadata.inject(InjectionMetadata.java:88)
	at org.springframework.beans.factory.annotation.AutowiredAnnotationBeanPostProcessor.postProcessPropertyValues(AutowiredAnnotationBeanPostProcessor.java:366)
	at org.springframework.beans.factory.support.AbstractAutowireCapableBeanFactory.populateBean(AbstractAutowireCapableBeanFactory.java:1264)
	at org.springframework.beans.factory.support.AbstractAutowireCapableBeanFactory.doCreateBean(AbstractAutowireCapableBeanFactory.java:553)
	at org.springframework.beans.factory.support.AbstractAutowireCapableBeanFactory.createBean(AbstractAutowireCapableBeanFactory.java:483)
	at org.springframework.beans.factory.support.AbstractBeanFactory$1.getObject(AbstractBeanFactory.java:306)
	at org.springframework.beans.factory.support.DefaultSingletonBeanRegistry.getSingleton(DefaultSingletonBeanRegistry.java:230)
	at org.springframework.beans.factory.support.AbstractBeanFactory.doGetBean(AbstractBeanFactory.java:302)
	at org.springframework.beans.factory.support.AbstractBeanFactory.getBean(AbstractBeanFactory.java:197)
	at org.springframework.beans.factory.support.DefaultListableBeanFactory.preInstantiateSingletons(DefaultListableBeanFactory.java:761)
	at org.springframework.context.support.AbstractApplicationContext.finishBeanFactoryInitialization(AbstractApplicationContext.java:866)
	at org.springframework.context.support.AbstractApplicationContext.refresh(AbstractApplicationContext.java:542)
	at org.springframework.web.servlet.FrameworkServlet.configureAndRefreshWebApplicationContext(FrameworkServlet.java:668)
	at org.springframework.web.servlet.FrameworkServlet.initWebApplicationContext(FrameworkServlet.java:540)
	at org.springframework.web.servlet.FrameworkServlet.initServletBean(FrameworkServlet.java:494)
	at org.springframework.web.servlet.HttpServletBean.init(HttpServletBean.java:136)
	at javax.servlet.GenericServlet.init(GenericServlet.java:244)
	at org.eclipse.jetty.servlet.ServletHolder.initServlet(ServletHolder.java:599)
	at org.eclipse.jetty.servlet.ServletHolder.initialize(ServletHolder.java:425)
	at org.eclipse.jetty.servlet.ServletHandler.lambda$initialize$0(ServletHandler.java:751)
	at java.util.stream.SortedOps$SizedRefSortingSink.end(SortedOps.java:352)
	at java.util.stream.AbstractPipeline.copyInto(AbstractPipeline.java:483)
	at java.util.stream.AbstractPipeline.wrapAndCopyInto(AbstractPipeline.java:472)
	at java.util.stream.StreamSpliterators$WrappingSpliterator.forEachRemaining(StreamSpliterators.java:312)
	at java.util.stream.Streams$ConcatSpliterator.forEachRemaining(Streams.java:743)
	at java.util.stream.Streams$ConcatSpliterator.forEachRemaining(Streams.java:742)
	at java.util.stream.ReferencePipeline$Head.forEach(ReferencePipeline.java:580)
	at org.eclipse.jetty.servlet.ServletHandler.initialize(ServletHandler.java:744)
	at org.eclipse.jetty.servlet.ServletContextHandler.startContext(ServletContextHandler.java:361)
	at org.eclipse.jetty.webapp.WebAppContext.startWebapp(WebAppContext.java:1443)
	at org.eclipse.jetty.maven.plugin.JettyWebAppContext.startWebapp(JettyWebAppContext.java:328)
	at org.eclipse.jetty.webapp.WebAppContext.startContext(WebAppContext.java:1407)
	at org.eclipse.jetty.server.handler.ContextHandler.doStart(ContextHandler.java:821)
	at org.eclipse.jetty.servlet.ServletContextHandler.doStart(ServletContextHandler.java:276)
	at org.eclipse.jetty.webapp.WebAppContext.doStart(WebAppContext.java:524)
	at org.eclipse.jetty.maven.plugin.JettyWebAppContext.doStart(JettyWebAppContext.java:397)
	at org.eclipse.jetty.util.component.AbstractLifeCycle.start(AbstractLifeCycle.java:72)
	at org.eclipse.jetty.maven.plugin.JettyRunMojo.restartWebApp(JettyRunMojo.java:513)
	at org.eclipse.jetty.maven.plugin.JettyRunMojo$1.onPathWatchEvents(JettyRunMojo.java:357)
	at org.eclipse.jetty.util.PathWatcher.notifyEvents(PathWatcher.java:1342)
	at org.eclipse.jetty.util.PathWatcher.run(PathWatcher.java:1169)
	at java.lang.Thread.run(Thread.java:748)
Caused by: org.springframework.beans.factory.BeanCreationException: Error creating bean with name 'inventoryDto' defined in file [D:\Workspace\PointOfSales\pos\target\classes\com\increff\pos\dto\InventoryDto.class]: Post-processing of merged bean definition failed; nested exception is java.lang.IllegalStateException: Failed to introspect bean class [com.increff.pos.dto.InventoryDto] for persistence metadata: could not find class that it depends on
	at org.springframework.beans.factory.support.AbstractAutowireCapableBeanFactory.doCreateBean(AbstractAutowireCapableBeanFactory.java:526)
	at org.springframework.beans.factory.support.AbstractAutowireCapableBeanFactory.createBean(AbstractAutowireCapableBeanFactory.java:483)
	at org.springframework.beans.factory.support.AbstractBeanFactory$1.getObject(AbstractBeanFactory.java:306)
	at org.springframework.beans.factory.support.DefaultSingletonBeanRegistry.getSingleton(DefaultSingletonBeanRegistry.java:230)
	at org.springframework.beans.factory.support.AbstractBeanFactory.doGetBean(AbstractBeanFactory.java:302)
	at org.springframework.beans.factory.support.AbstractBeanFactory.getBean(AbstractBeanFactory.java:202)
	at org.springframework.beans.factory.config.DependencyDescriptor.resolveCandidate(DependencyDescriptor.java:208)
	at org.springframework.beans.factory.support.DefaultListableBeanFactory.doResolveDependency(DefaultListableBeanFactory.java:1138)
	at org.springframework.beans.factory.support.DefaultListableBeanFactory.resolveDependency(DefaultListableBeanFactory.java:1066)
	at org.springframework.beans.factory.annotation.AutowiredAnnotationBeanPostProcessor$AutowiredFieldElement.inject(AutowiredAnnotationBeanPostProcessor.java:585)
	... 42 more
Caused by: java.lang.IllegalStateException: Failed to introspect bean class [com.increff.pos.dto.InventoryDto] for persistence metadata: could not find class that it depends on
	at org.springframework.orm.jpa.support.PersistenceAnnotationBeanPostProcessor.findPersistenceMetadata(PersistenceAnnotationBeanPostProcessor.java:401)
	at org.springframework.orm.jpa.support.PersistenceAnnotationBeanPostProcessor.postProcessMergedBeanDefinition(PersistenceAnnotationBeanPostProcessor.java:333)
	at org.springframework.beans.factory.support.AbstractAutowireCapableBeanFactory.applyMergedBeanDefinitionPostProcessors(AbstractAutowireCapableBeanFactory.java:992)
	at org.springframework.beans.factory.support.AbstractAutowireCapableBeanFactory.doCreateBean(AbstractAutowireCapableBeanFactory.java:523)
	... 51 more
Caused by: java.lang.NoClassDefFoundError: Lcom/increff/pos/service/InventoryService;
	at java.lang.Class.getDeclaredFields0(Native Method)
	at java.lang.Class.privateGetDeclaredFields(Class.java:2583)
	at java.lang.Class.getDeclaredFields(Class.java:1916)
	at org.springframework.util.ReflectionUtils.getDeclaredFields(ReflectionUtils.java:715)
	at org.springframework.util.ReflectionUtils.doWithLocalFields(ReflectionUtils.java:656)
	at org.springframework.orm.jpa.support.PersistenceAnnotationBeanPostProcessor.buildPersistenceMetadata(PersistenceAnnotationBeanPostProcessor.java:418)
	at org.springframework.orm.jpa.support.PersistenceAnnotationBeanPostProcessor.findPersistenceMetadata(PersistenceAnnotationBeanPostProcessor.java:397)
	... 54 more
Caused by: java.lang.ClassNotFoundException: com.increff.pos.service.InventoryService
	at org.codehaus.plexus.classworlds.strategy.SelfFirstStrategy.loadClass(SelfFirstStrategy.java:50)
	at org.codehaus.plexus.classworlds.realm.ClassRealm.unsynchronizedLoadClass(ClassRealm.java:271)
	at org.codehaus.plexus.classworlds.realm.ClassRealm.loadClass(ClassRealm.java:247)
	at org.codehaus.plexus.classworlds.realm.ClassRealm.loadClass(ClassRealm.java:239)
	at org.eclipse.jetty.webapp.WebAppClassLoader.loadClass(WebAppClassLoader.java:543)
	at java.lang.ClassLoader.loadClass(ClassLoader.java:351)
	... 61 more
2023-02-14 15:40:58 INFO  SecurityConfig:36 - Configuration complete
2023-02-14 16:03:35 INFO  SecurityConfig:36 - Configuration complete
2023-02-15 11:28:19 INFO  SecurityConfig:36 - Configuration complete
2023-02-16 10:09:21 INFO  SecurityConfig:36 - Configuration complete
2023-02-16 10:43:50 INFO  SecurityConfig:36 - Configuration complete
2023-02-16 10:50:11 INFO  SecurityConfig:36 - Configuration complete
2023-02-16 11:01:51 INFO  SecurityConfig:36 - Configuration complete
2023-02-16 18:53:25 INFO  SecurityConfig:36 - Configuration complete
2023-02-16 18:56:17 INFO  SecurityConfig:36 - Configuration complete
2023-02-16 18:57:33 INFO  SecurityConfig:36 - Configuration complete
2023-02-16 19:05:29 INFO  SecurityConfig:36 - Configuration complete
2023-02-16 19:07:39 INFO  SecurityConfig:36 - Configuration complete
2023-02-16 19:23:55 INFO  SecurityConfig:36 - Configuration complete
2023-02-16 19:34:49 INFO  SecurityConfig:36 - Configuration complete
2023-02-16 19:36:06 INFO  SecurityConfig:36 - Configuration complete
2023-02-16 19:39:03 INFO  SecurityConfig:36 - Configuration complete
2023-02-16 19:40:24 INFO  SecurityConfig:36 - Configuration complete
2023-02-16 19:47:54 INFO  SecurityConfig:36 - Configuration complete
2023-02-16 19:54:37 INFO  SecurityConfig:36 - Configuration complete
2023-02-16 20:00:35 INFO  SecurityConfig:36 - Configuration complete
2023-02-16 20:02:12 INFO  SecurityConfig:36 - Configuration complete
2023-02-16 20:02:45 INFO  SecurityConfig:36 - Configuration complete
2023-02-16 20:05:03 INFO  SecurityConfig:36 - Configuration complete
2023-02-16 20:06:01 INFO  SecurityConfig:36 - Configuration complete
2023-02-16 20:10:15 INFO  SecurityConfig:36 - Configuration complete
2023-02-16 20:21:53 INFO  SecurityConfig:36 - Configuration complete
2023-02-16 20:33:03 INFO  SecurityConfig:36 - Configuration complete
2023-02-16 20:40:57 INFO  SecurityConfig:36 - Configuration complete
2023-02-16 20:44:43 INFO  SecurityConfig:36 - Configuration complete
2023-02-16 20:50:18 INFO  SecurityConfig:36 - Configuration complete
2023-02-16 20:50:59 INFO  SecurityConfig:36 - Configuration complete
2023-02-16 23:31:13 INFO  SecurityConfig:36 - Configuration complete
2023-02-16 23:38:32 INFO  SecurityConfig:36 - Configuration complete
2023-02-16 23:45:30 INFO  SecurityConfig:36 - Configuration complete
2023-02-17 00:18:29 INFO  SecurityConfig:36 - Configuration complete
2023-02-17 00:40:54 INFO  SecurityConfig:36 - Configuration complete
2023-02-17 00:43:03 INFO  SecurityConfig:36 - Configuration complete
2023-02-17 00:51:33 INFO  SecurityConfig:36 - Configuration complete
2023-02-17 00:56:17 INFO  SecurityConfig:36 - Configuration complete
2023-02-17 00:58:11 INFO  SecurityConfig:36 - Configuration complete
2023-02-17 10:28:29 INFO  SecurityConfig:36 - Configuration complete
2023-02-17 10:55:11 INFO  SecurityConfig:36 - Configuration complete
2023-02-17 12:31:47 INFO  SecurityConfig:36 - Configuration complete
2023-02-17 12:43:05 INFO  SecurityConfig:36 - Configuration complete
2023-02-17 13:17:54 INFO  SecurityConfig:36 - Configuration complete
2023-02-17 14:58:38 INFO  SecurityConfig:36 - Configuration complete
2023-02-17 15:11:08 INFO  SecurityConfig:36 - Configuration complete
2023-02-17 15:25:05 INFO  SecurityConfig:36 - Configuration complete
2023-02-17 15:29:30 INFO  SecurityConfig:36 - Configuration complete
2023-02-17 15:39:18 INFO  SecurityConfig:36 - Configuration complete
2023-02-17 15:47:13 INFO  SecurityConfig:36 - Configuration complete
2023-02-17 16:11:10 INFO  SecurityConfig:36 - Configuration complete
2023-02-17 16:16:07 INFO  SecurityConfig:36 - Configuration complete
2023-02-17 16:26:06 INFO  SecurityConfig:36 - Configuration complete
2023-02-17 16:51:11 INFO  SecurityConfig:36 - Configuration complete
2023-02-17 16:56:07 INFO  SecurityConfig:36 - Configuration complete
2023-02-17 16:56:49 INFO  SecurityConfig:36 - Configuration complete
2023-02-17 16:58:39 INFO  SecurityConfig:36 - Configuration complete
2023-02-17 17:00:48 INFO  SecurityConfig:36 - Configuration complete
2023-02-17 17:02:21 INFO  SecurityConfig:36 - Configuration complete
2023-02-17 18:11:19 INFO  SecurityConfig:36 - Configuration complete
